NOTICE: The logistic regression model was used!!!
NOTICE: Processing 1 phenotypes at a time!
hp 0008730: The journey to find all related disease names of your query starts!
hp 0008730: The item was queried in the databases!! 
hp 0008730: The word matching in OMIM disease synonyms file has been done!! 
hp 0008730: The word matching search in the compiled disease databases for gene_disease relations has been done!
hp 0008730: The word matching search in the CTD (Medic) databases has been done! 
hp 0008730: The descendants search in the CTD (Medic) databases has been done! 
hp 0008730: The descendants search in disease_ontology (DO) database has been done! 
hp 0008730: The phenotype search and annotation process starts!! 
ERROR: The input term -----hp_0008730------ has no results!!!
hp 0008730: executing ontology_search.pl on 'hp 0008730' to expand phenotype terms
hp 0008730: Found 1 additional phenotype terms
HP:0008730 exists
 GATA4,WT1,SOX9,POR,AR,CYP11A1,SRY,CYP17A1,NR5A1,HSD3B2,MAP3K1,ZFPM2,CYB5A,DMRT3,WWOX,VAMP7,NR0B1 
Notice: GATA4 
Notice: WT1 
Notice: SOX9 
Notice: POR 
Notice: AR 
Notice: CYP11A1 
Notice: SRY 
Notice: CYP17A1 
Notice: NR5A1 
Notice: HSD3B2 
Notice: MAP3K1 
Notice: ZFPM2 
Notice: CYB5A 
Notice: DMRT3 
Notice: WWOX 
Notice: VAMP7 
Notice: NR0B1 
Notice: HP:0008730 => WT1
Notice: HP:0008730 => SOX9
Notice: HP:0008730 => MAP3K1
Notice: HP:0008730 => NR0B1
Notice: HP:0008730 => CYP17A1
Notice: HP:0008730 => ZFPM2
Notice: HP:0008730 => DMRT3
Notice: HP:0008730 => CYP11A1
Notice: HP:0008730 => POR
Notice: HP:0008730 => WWOX
Notice: HP:0008730 => GATA4
Notice: HP:0008730 => NR5A1
Notice: HP:0008730 => HSD3B2
Notice: HP:0008730 => VAMP7
Notice: HP:0008730 => SRY
Notice: HP:0008730 => CYB5A
Notice: HP:0008730 => AR
hp:0008730: The gene score process has been done!!
NOTICE: Start to merge gene scores! 
NOTICE: Reading a list of gene_scores files: <>
----------------------------------------------------------------------
NOTICE: The prediction process starts!!!
NOTICE: Loading HPRD Database ... Done!
NOTICE: Loading HTRI Database ... Done!
NOTICE: Loading HGNC Gene Family Database ... Done!
NOTICE: Loading Biosystem Database ... Done!
